<?xml version="1.0" encoding="UTF-8"?>
<testsuite name="com.spring.mvc.chap04.jdbc.JdbcRepositoryTest" tests="1" skipped="0" failures="0" errors="0" timestamp="2024-03-25T08:43:17" hostname="ICT4_02" time="0.988">
  <properties/>
  <testcase name="Person 객체 정보를 데이터베이스에 정상 삽입한다." classname="com.spring.mvc.chap04.jdbc.JdbcRepositoryTest" time="0.988"/>
  <system-out><![CDATA[17:43:16.281 [Test worker] INFO org.springframework.test.context.support.AnnotationConfigContextLoaderUtils -- Could not detect default configuration classes for test class [com.spring.mvc.chap04.jdbc.JdbcRepositoryTest]: JdbcRepositoryTest does not declare any static, non-private, non-final, nested classes annotated with @Configuration.
17:43:16.371 [Test worker] INFO org.springframework.boot.test.context.SpringBootTestContextBootstrapper -- Found @SpringBootConfiguration com.spring.mvc.MvcApplication for test class com.spring.mvc.chap04.jdbc.JdbcRepositoryTest

  .   ____          _            __ _ _
 /\\ / ___'_ __ _ _(_)_ __  __ _ \ \ \ \
( ( )\___ | '_ | '_| | '_ \/ _` | \ \ \ \
 \\/  ___)| |_)| | | | | || (_| |  ) ) ) )
  '  |____| .__|_| |_|_| |_\__, | / / / /
 =========|_|==============|___/=/_/_/_/
 :: Spring Boot ::                (v3.2.4)

2024-03-25T17:43:16.649+09:00  INFO 10932 --- [mvc] [    Test worker] c.s.mvc.chap04.jdbc.JdbcRepositoryTest   : Starting JdbcRepositoryTest using Java 17.0.10 with PID 10932 (started by ICT in C:\workspace\spring-webmvc)
2024-03-25T17:43:16.650+09:00  INFO 10932 --- [mvc] [    Test worker] c.s.mvc.chap04.jdbc.JdbcRepositoryTest   : No active profile set, falling back to 1 default profile: "default"
2024-03-25T17:43:17.510+09:00  INFO 10932 --- [mvc] [    Test worker] o.s.b.a.w.s.WelcomePageHandlerMapping    : Adding welcome page template: index
2024-03-25T17:43:17.780+09:00  INFO 10932 --- [mvc] [    Test worker] c.s.mvc.chap04.jdbc.JdbcRepositoryTest   : Started JdbcRepositoryTest in 1.283 seconds (process running for 2.132)
]]></system-out>
  <system-err><![CDATA[]]></system-err>
</testsuite>
